<?xml version="1.0" encoding="UTF-8"?>
<coverage generated="1787891224014" clover="3.2.0">
  <project timestamp="1787891224015" name="All files">
    <metrics statements="85" coveredstatements="81" conditionals="69" coveredconditionals="65" methods="3" coveredmethods="3" elements="157" coveredelements="149" complexity="0" loc="85" ncloc="85" packages="1" files="1" classes="1"/>
    <file name="properties.js" path="C:\Users\default.LAPTOP-8CJGKKGO\IDX Exchange Project\backend\routes\properties.js">
      <metrics statements="85" coveredstatements="81" conditionals="69" coveredconditionals="65" methods="3" coveredmethods="3"/>
      <line num="1" count="1" type="stmt"/>
      <line num="2" count="1" type="stmt"/>
      <line num="3" count="1" type="stmt"/>
      <line num="6" count="1" type="stmt"/>
      <line num="7" count="24" type="stmt"/>
      <line num="9" count="24" type="stmt"/>
      <line num="10" count="24" type="stmt"/>
      <line num="13" count="24" type="cond" truecount="2" falsecount="0"/>
      <line num="14" count="5" type="cond" truecount="2" falsecount="0"/>
      <line num="15" count="2" type="stmt"/>
      <line num="19" count="22" type="cond" truecount="2" falsecount="0"/>
      <line num="20" count="2" type="cond" truecount="2" falsecount="0"/>
      <line num="21" count="1" type="stmt"/>
      <line num="26" count="21" type="cond" truecount="2" falsecount="0"/>
      <line num="27" count="21" type="cond" truecount="2" falsecount="0"/>
      <line num="29" count="21" type="stmt"/>
      <line num="31" count="21" type="cond" truecount="3" falsecount="1"/>
      <line num="32" count="0" type="stmt"/>
      <line num="35" count="21" type="cond" truecount="5" falsecount="0"/>
      <line num="36" count="2" type="stmt"/>
      <line num="39" count="19" type="stmt"/>
      <line num="40" count="19" type="stmt"/>
      <line num="42" count="19" type="cond" truecount="2" falsecount="0"/>
      <line num="43" count="2" type="stmt"/>
      <line num="44" count="2" type="stmt"/>
      <line num="47" count="19" type="cond" truecount="2" falsecount="0"/>
      <line num="48" count="2" type="cond" truecount="2" falsecount="0"/>
      <line num="49" count="1" type="stmt"/>
      <line num="52" count="1" type="stmt"/>
      <line num="53" count="1" type="stmt"/>
      <line num="56" count="18" type="cond" truecount="2" falsecount="0"/>
      <line num="57" count="6" type="cond" truecount="4" falsecount="0"/>
      <line num="58" count="2" type="stmt"/>
      <line num="61" count="4" type="stmt"/>
      <line num="62" count="4" type="stmt"/>
      <line num="65" count="16" type="cond" truecount="2" falsecount="0"/>
      <line num="66" count="3" type="cond" truecount="3" falsecount="1"/>
      <line num="67" count="0" type="stmt"/>
      <line num="70" count="3" type="cond" truecount="4" falsecount="0"/>
      <line num="71" count="1" type="stmt"/>
      <line num="74" count="2" type="stmt"/>
      <line num="75" count="2" type="stmt"/>
      <line num="78" count="15" type="cond" truecount="2" falsecount="0"/>
      <line num="79" count="4" type="cond" truecount="4" falsecount="0"/>
      <line num="80" count="2" type="stmt"/>
      <line num="83" count="2" type="stmt"/>
      <line num="84" count="2" type="stmt"/>
      <line num="87" count="13" type="cond" truecount="2" falsecount="0"/>
      <line num="88" count="3" type="cond" truecount="4" falsecount="0"/>
      <line num="89" count="1" type="stmt"/>
      <line num="92" count="2" type="stmt"/>
      <line num="93" count="2" type="stmt"/>
      <line num="97" count="12" type="cond" truecount="2" falsecount="0"/>
      <line num="98" count="12" type="stmt"/>
      <line num="104" count="12" type="stmt"/>
      <line num="107" count="12" type="stmt"/>
      <line num="108" count="11" type="stmt"/>
      <line num="114" count="11" type="stmt"/>
      <line num="122" count="1" type="stmt"/>
      <line num="126" count="1" type="stmt"/>
      <line num="127" count="6" type="stmt"/>
      <line num="128" count="6" type="stmt"/>
      <line num="131" count="6" type="cond" truecount="2" falsecount="0"/>
      <line num="132" count="1" type="stmt"/>
      <line num="135" count="5" type="cond" truecount="1" falsecount="1"/>
      <line num="136" count="0" type="stmt"/>
      <line num="140" count="5" type="stmt"/>
      <line num="145" count="4" type="cond" truecount="2" falsecount="0"/>
      <line num="146" count="1" type="stmt"/>
      <line num="150" count="3" type="stmt"/>
      <line num="154" count="3" type="stmt"/>
      <line num="156" count="1" type="stmt"/>
      <line num="160" count="1" type="stmt"/>
      <line num="161" count="6" type="stmt"/>
      <line num="162" count="6" type="stmt"/>
      <line num="165" count="6" type="cond" truecount="2" falsecount="0"/>
      <line num="166" count="3" type="stmt"/>
      <line num="169" count="3" type="cond" truecount="1" falsecount="1"/>
      <line num="170" count="0" type="stmt"/>
      <line num="174" count="3" type="stmt"/>
      <line num="179" count="2" type="cond" truecount="2" falsecount="0"/>
      <line num="180" count="1" type="stmt"/>
      <line num="183" count="1" type="stmt"/>
      <line num="185" count="1" type="stmt"/>
      <line num="191" count="1" type="stmt"/>
    </file>
  </project>
</coverage>
