{"C:\\Users\\default.LAPTOP-8CJGKKGO\\IDX Exchange Project\\backend\\routes\\properties.js": {"path":"C:\\Users\\default.LAPTOP-8CJGKKGO\\IDX Exchange Project\\backend\\routes\\properties.js","statementMap":{"0":{"start":{"line":1,"column":16},"end":{"line":1,"column":34}},"1":{"start":{"line":2,"column":15},"end":{"line":2,"column":31}},"2":{"start":{"line":3,"column":11},"end":{"line":3,"column":27}},"3":{"start":{"line":6,"column":0},"end":{"line":124,"column":3}},"4":{"start":{"line":7,"column":4},"end":{"line":123,"column":5}},"5":{"start":{"line":9,"column":27},"end":{"line":9,"column":42}},"6":{"start":{"line":10,"column":28},"end":{"line":10,"column":44}},"7":{"start":{"line":13,"column":8},"end":{"line":17,"column":9}},"8":{"start":{"line":14,"column":12},"end":{"line":16,"column":13}},"9":{"start":{"line":15,"column":16},"end":{"line":15,"column":92}},"10":{"start":{"line":19,"column":8},"end":{"line":23,"column":9}},"11":{"start":{"line":20,"column":12},"end":{"line":22,"column":13}},"12":{"start":{"line":21,"column":16},"end":{"line":21,"column":97}},"13":{"start":{"line":26,"column":22},"end":{"line":26,"column":74}},"14":{"start":{"line":27,"column":23},"end":{"line":27,"column":76}},"15":{"start":{"line":29,"column":67},"end":{"line":29,"column":76}},"16":{"start":{"line":31,"column":8},"end":{"line":33,"column":9}},"17":{"start":{"line":32,"column":12},"end":{"line":32,"column":89}},"18":{"start":{"line":35,"column":8},"end":{"line":37,"column":9}},"19":{"start":{"line":36,"column":12},"end":{"line":36,"column":118}},"20":{"start":{"line":39,"column":24},"end":{"line":39,"column":26}},"21":{"start":{"line":40,"column":23},"end":{"line":40,"column":25}},"22":{"start":{"line":42,"column":8},"end":{"line":45,"column":9}},"23":{"start":{"line":43,"column":12},"end":{"line":43,"column":65}},"24":{"start":{"line":44,"column":12},"end":{"line":44,"column":30}},"25":{"start":{"line":47,"column":8},"end":{"line":54,"column":9}},"26":{"start":{"line":48,"column":12},"end":{"line":50,"column":13}},"27":{"start":{"line":49,"column":16},"end":{"line":49,"column":83}},"28":{"start":{"line":52,"column":12},"end":{"line":52,"column":38}},"29":{"start":{"line":53,"column":12},"end":{"line":53,"column":33}},"30":{"start":{"line":56,"column":8},"end":{"line":63,"column":9}},"31":{"start":{"line":57,"column":12},"end":{"line":59,"column":13}},"32":{"start":{"line":58,"column":16},"end":{"line":58,"column":85}},"33":{"start":{"line":61,"column":12},"end":{"line":61,"column":47}},"34":{"start":{"line":62,"column":12},"end":{"line":62,"column":46}},"35":{"start":{"line":65,"column":8},"end":{"line":76,"column":9}},"36":{"start":{"line":66,"column":12},"end":{"line":68,"column":13}},"37":{"start":{"line":67,"column":16},"end":{"line":67,"column":85}},"38":{"start":{"line":70,"column":12},"end":{"line":72,"column":13}},"39":{"start":{"line":71,"column":16},"end":{"line":71,"column":97}},"40":{"start":{"line":74,"column":12},"end":{"line":74,"column":47}},"41":{"start":{"line":75,"column":12},"end":{"line":75,"column":46}},"42":{"start":{"line":78,"column":8},"end":{"line":85,"column":9}},"43":{"start":{"line":79,"column":12},"end":{"line":81,"column":13}},"44":{"start":{"line":80,"column":16},"end":{"line":80,"column":95}},"45":{"start":{"line":83,"column":12},"end":{"line":83,"column":44}},"46":{"start":{"line":84,"column":12},"end":{"line":84,"column":42}},"47":{"start":{"line":87,"column":8},"end":{"line":94,"column":9}},"48":{"start":{"line":88,"column":12},"end":{"line":90,"column":13}},"49":{"start":{"line":89,"column":16},"end":{"line":89,"column":96}},"50":{"start":{"line":92,"column":12},"end":{"line":92,"column":42}},"51":{"start":{"line":93,"column":12},"end":{"line":93,"column":43}},"52":{"start":{"line":97,"column":28},"end":{"line":97,"column":86}},"53":{"start":{"line":98,"column":22},"end":{"line":103,"column":9}},"54":{"start":{"line":104,"column":8},"end":{"line":104,"column":35}},"55":{"start":{"line":107,"column":23},"end":{"line":107,"column":52}},"56":{"start":{"line":108,"column":30},"end":{"line":111,"column":9}},"57":{"start":{"line":114,"column":8},"end":{"line":119,"column":11}},"58":{"start":{"line":122,"column":8},"end":{"line":122,"column":62}},"59":{"start":{"line":126,"column":0},"end":{"line":158,"column":2}},"60":{"start":{"line":127,"column":4},"end":{"line":157,"column":5}},"61":{"start":{"line":128,"column":23},"end":{"line":128,"column":33}},"62":{"start":{"line":131,"column":8},"end":{"line":133,"column":9}},"63":{"start":{"line":132,"column":12},"end":{"line":132,"column":85}},"64":{"start":{"line":135,"column":8},"end":{"line":137,"column":9}},"65":{"start":{"line":136,"column":12},"end":{"line":136,"column":66}},"66":{"start":{"line":140,"column":23},"end":{"line":143,"column":9}},"67":{"start":{"line":145,"column":8},"end":{"line":147,"column":9}},"68":{"start":{"line":146,"column":12},"end":{"line":146,"column":105}},"69":{"start":{"line":150,"column":29},"end":{"line":153,"column":9}},"70":{"start":{"line":154,"column":8},"end":{"line":154,"column":42}},"71":{"start":{"line":156,"column":8},"end":{"line":156,"column":62}},"72":{"start":{"line":160,"column":0},"end":{"line":189,"column":3}},"73":{"start":{"line":161,"column":4},"end":{"line":188,"column":5}},"74":{"start":{"line":162,"column":23},"end":{"line":162,"column":33}},"75":{"start":{"line":165,"column":8},"end":{"line":167,"column":9}},"76":{"start":{"line":166,"column":12},"end":{"line":166,"column":85}},"77":{"start":{"line":169,"column":8},"end":{"line":171,"column":9}},"78":{"start":{"line":170,"column":12},"end":{"line":170,"column":66}},"79":{"start":{"line":174,"column":23},"end":{"line":177,"column":9}},"80":{"start":{"line":179,"column":8},"end":{"line":181,"column":9}},"81":{"start":{"line":180,"column":12},"end":{"line":180,"column":105}},"82":{"start":{"line":183,"column":8},"end":{"line":183,"column":26}},"83":{"start":{"line":185,"column":8},"end":{"line":187,"column":11}},"84":{"start":{"line":191,"column":0},"end":{"line":191,"column":24}}},"fnMap":{"0":{"name":"(anonymous_0)","decl":{"start":{"line":6,"column":16},"end":{"line":6,"column":17}},"loc":{"start":{"line":6,"column":36},"end":{"line":124,"column":1}},"line":6},"1":{"name":"(anonymous_1)","decl":{"start":{"line":126,"column":30},"end":{"line":126,"column":31}},"loc":{"start":{"line":126,"column":50},"end":{"line":158,"column":1}},"line":126},"2":{"name":"(anonymous_2)","decl":{"start":{"line":160,"column":19},"end":{"line":160,"column":20}},"loc":{"start":{"line":160,"column":39},"end":{"line":189,"column":1}},"line":160}},"branchMap":{"0":{"loc":{"start":{"line":13,"column":8},"end":{"line":17,"column":9}},"type":"if","locations":[{"start":{"line":13,"column":8},"end":{"line":17,"column":9}},{"start":{},"end":{}}],"line":13},"1":{"loc":{"start":{"line":14,"column":12},"end":{"line":16,"column":13}},"type":"if","locations":[{"start":{"line":14,"column":12},"end":{"line":16,"column":13}},{"start":{},"end":{}}],"line":14},"2":{"loc":{"start":{"line":19,"column":8},"end":{"line":23,"column":9}},"type":"if","locations":[{"start":{"line":19,"column":8},"end":{"line":23,"column":9}},{"start":{},"end":{}}],"line":19},"3":{"loc":{"start":{"line":20,"column":12},"end":{"line":22,"column":13}},"type":"if","locations":[{"start":{"line":20,"column":12},"end":{"line":22,"column":13}},{"start":{},"end":{}}],"line":20},"4":{"loc":{"start":{"line":26,"column":22},"end":{"line":26,"column":74}},"type":"cond-expr","locations":[{"start":{"line":26,"column":49},"end":{"line":26,"column":69}},{"start":{"line":26,"column":72},"end":{"line":26,"column":74}}],"line":26},"5":{"loc":{"start":{"line":27,"column":23},"end":{"line":27,"column":76}},"type":"cond-expr","locations":[{"start":{"line":27,"column":51},"end":{"line":27,"column":72}},{"start":{"line":27,"column":75},"end":{"line":27,"column":76}}],"line":27},"6":{"loc":{"start":{"line":31,"column":8},"end":{"line":33,"column":9}},"type":"if","locations":[{"start":{"line":31,"column":8},"end":{"line":33,"column":9}},{"start":{},"end":{}}],"line":31},"7":{"loc":{"start":{"line":31,"column":12},"end":{"line":31,"column":65}},"type":"binary-expr","locations":[{"start":{"line":31,"column":12},"end":{"line":31,"column":36}},{"start":{"line":31,"column":40},"end":{"line":31,"column":65}}],"line":31},"8":{"loc":{"start":{"line":35,"column":8},"end":{"line":37,"column":9}},"type":"if","locations":[{"start":{"line":35,"column":8},"end":{"line":37,"column":9}},{"start":{},"end":{}}],"line":35},"9":{"loc":{"start":{"line":35,"column":12},"end":{"line":35,"column":50}},"type":"binary-expr","locations":[{"start":{"line":35,"column":12},"end":{"line":35,"column":21}},{"start":{"line":35,"column":25},"end":{"line":35,"column":36}},{"start":{"line":35,"column":40},"end":{"line":35,"column":50}}],"line":35},"10":{"loc":{"start":{"line":42,"column":8},"end":{"line":45,"column":9}},"type":"if","locations":[{"start":{"line":42,"column":8},"end":{"line":45,"column":9}},{"start":{},"end":{}}],"line":42},"11":{"loc":{"start":{"line":47,"column":8},"end":{"line":54,"column":9}},"type":"if","locations":[{"start":{"line":47,"column":8},"end":{"line":54,"column":9}},{"start":{},"end":{}}],"line":47},"12":{"loc":{"start":{"line":48,"column":12},"end":{"line":50,"column":13}},"type":"if","locations":[{"start":{"line":48,"column":12},"end":{"line":50,"column":13}},{"start":{},"end":{}}],"line":48},"13":{"loc":{"start":{"line":56,"column":8},"end":{"line":63,"column":9}},"type":"if","locations":[{"start":{"line":56,"column":8},"end":{"line":63,"column":9}},{"start":{},"end":{}}],"line":56},"14":{"loc":{"start":{"line":57,"column":12},"end":{"line":59,"column":13}},"type":"if","locations":[{"start":{"line":57,"column":12},"end":{"line":59,"column":13}},{"start":{},"end":{}}],"line":57},"15":{"loc":{"start":{"line":57,"column":16},"end":{"line":57,"column":47}},"type":"binary-expr","locations":[{"start":{"line":57,"column":16},"end":{"line":57,"column":31}},{"start":{"line":57,"column":35},"end":{"line":57,"column":47}}],"line":57},"16":{"loc":{"start":{"line":65,"column":8},"end":{"line":76,"column":9}},"type":"if","locations":[{"start":{"line":65,"column":8},"end":{"line":76,"column":9}},{"start":{},"end":{}}],"line":65},"17":{"loc":{"start":{"line":66,"column":12},"end":{"line":68,"column":13}},"type":"if","locations":[{"start":{"line":66,"column":12},"end":{"line":68,"column":13}},{"start":{},"end":{}}],"line":66},"18":{"loc":{"start":{"line":66,"column":16},"end":{"line":66,"column":47}},"type":"binary-expr","locations":[{"start":{"line":66,"column":16},"end":{"line":66,"column":31}},{"start":{"line":66,"column":35},"end":{"line":66,"column":47}}],"line":66},"19":{"loc":{"start":{"line":70,"column":12},"end":{"line":72,"column":13}},"type":"if","locations":[{"start":{"line":70,"column":12},"end":{"line":72,"column":13}},{"start":{},"end":{}}],"line":70},"20":{"loc":{"start":{"line":70,"column":16},"end":{"line":70,"column":71}},"type":"binary-expr","locations":[{"start":{"line":70,"column":16},"end":{"line":70,"column":24}},{"start":{"line":70,"column":28},"end":{"line":70,"column":71}}],"line":70},"21":{"loc":{"start":{"line":78,"column":8},"end":{"line":85,"column":9}},"type":"if","locations":[{"start":{"line":78,"column":8},"end":{"line":85,"column":9}},{"start":{},"end":{}}],"line":78},"22":{"loc":{"start":{"line":79,"column":12},"end":{"line":81,"column":13}},"type":"if","locations":[{"start":{"line":79,"column":12},"end":{"line":81,"column":13}},{"start":{},"end":{}}],"line":79},"23":{"loc":{"start":{"line":79,"column":16},"end":{"line":79,"column":73}},"type":"binary-expr","locations":[{"start":{"line":79,"column":16},"end":{"line":79,"column":51}},{"start":{"line":79,"column":55},"end":{"line":79,"column":73}}],"line":79},"24":{"loc":{"start":{"line":87,"column":8},"end":{"line":94,"column":9}},"type":"if","locations":[{"start":{"line":87,"column":8},"end":{"line":94,"column":9}},{"start":{},"end":{}}],"line":87},"25":{"loc":{"start":{"line":88,"column":12},"end":{"line":90,"column":13}},"type":"if","locations":[{"start":{"line":88,"column":12},"end":{"line":90,"column":13}},{"start":{},"end":{}}],"line":88},"26":{"loc":{"start":{"line":88,"column":16},"end":{"line":88,"column":75}},"type":"binary-expr","locations":[{"start":{"line":88,"column":16},"end":{"line":88,"column":52}},{"start":{"line":88,"column":56},"end":{"line":88,"column":75}}],"line":88},"27":{"loc":{"start":{"line":97,"column":28},"end":{"line":97,"column":86}},"type":"cond-expr","locations":[{"start":{"line":97,"column":49},"end":{"line":97,"column":81}},{"start":{"line":97,"column":84},"end":{"line":97,"column":86}}],"line":97},"28":{"loc":{"start":{"line":131,"column":8},"end":{"line":133,"column":9}},"type":"if","locations":[{"start":{"line":131,"column":8},"end":{"line":133,"column":9}},{"start":{},"end":{}}],"line":131},"29":{"loc":{"start":{"line":135,"column":8},"end":{"line":137,"column":9}},"type":"if","locations":[{"start":{"line":135,"column":8},"end":{"line":137,"column":9}},{"start":{},"end":{}}],"line":135},"30":{"loc":{"start":{"line":145,"column":8},"end":{"line":147,"column":9}},"type":"if","locations":[{"start":{"line":145,"column":8},"end":{"line":147,"column":9}},{"start":{},"end":{}}],"line":145},"31":{"loc":{"start":{"line":165,"column":8},"end":{"line":167,"column":9}},"type":"if","locations":[{"start":{"line":165,"column":8},"end":{"line":167,"column":9}},{"start":{},"end":{}}],"line":165},"32":{"loc":{"start":{"line":169,"column":8},"end":{"line":171,"column":9}},"type":"if","locations":[{"start":{"line":169,"column":8},"end":{"line":171,"column":9}},{"start":{},"end":{}}],"line":169},"33":{"loc":{"start":{"line":179,"column":8},"end":{"line":181,"column":9}},"type":"if","locations":[{"start":{"line":179,"column":8},"end":{"line":181,"column":9}},{"start":{},"end":{}}],"line":179}},"s":{"0":1,"1":1,"2":1,"3":1,"4":24,"5":24,"6":24,"7":24,"8":5,"9":2,"10":22,"11":2,"12":1,"13":21,"14":21,"15":21,"16":21,"17":0,"18":21,"19":2,"20":19,"21":19,"22":19,"23":2,"24":2,"25":19,"26":2,"27":1,"28":1,"29":1,"30":18,"31":6,"32":2,"33":4,"34":4,"35":16,"36":3,"37":0,"38":3,"39":1,"40":2,"41":2,"42":15,"43":4,"44":2,"45":2,"46":2,"47":13,"48":3,"49":1,"50":2,"51":2,"52":12,"53":12,"54":12,"55":12,"56":11,"57":11,"58":1,"59":1,"60":6,"61":6,"62":6,"63":1,"64":5,"65":0,"66":5,"67":4,"68":1,"69":3,"70":3,"71":1,"72":1,"73":6,"74":6,"75":6,"76":3,"77":3,"78":0,"79":3,"80":2,"81":1,"82":1,"83":1,"84":1},"f":{"0":24,"1":6,"2":6},"b":{"0":[5,19],"1":[2,3],"2":[2,20],"3":[1,1],"4":[3,18],"5":[1,20],"6":[0,21],"7":[21,21],"8":[2,19],"9":[21,20,19],"10":[2,17],"11":[2,17],"12":[1,1],"13":[6,12],"14":[2,4],"15":[6,5],"16":[3,13],"17":[0,3],"18":[3,3],"19":[1,2],"20":[3,2],"21":[4,11],"22":[2,2],"23":[4,2],"24":[3,10],"25":[1,2],"26":[3,3],"27":[8,4],"28":[1,5],"29":[0,5],"30":[1,3],"31":[3,3],"32":[0,3],"33":[1,1]},"_coverageSchema":"1a1c01bbd47fc00a2c39e90264f33305004495a9","hash":"27e54531919be4ccb952ca42698e7c382d0e6c06"}
}
