TN:
SF:routes\properties.js
FN:6,(anonymous_0)
FN:126,(anonymous_1)
FN:160,(anonymous_2)
FNF:3
FNH:3
FNDA:24,(anonymous_0)
FNDA:6,(anonymous_1)
FNDA:6,(anonymous_2)
DA:1,1
DA:2,1
DA:3,1
DA:6,1
DA:7,24
DA:9,24
DA:10,24
DA:13,24
DA:14,5
DA:15,2
DA:19,22
DA:20,2
DA:21,1
DA:26,21
DA:27,21
DA:29,21
DA:31,21
DA:32,0
DA:35,21
DA:36,2
DA:39,19
DA:40,19
DA:42,19
DA:43,2
DA:44,2
DA:47,19
DA:48,2
DA:49,1
DA:52,1
DA:53,1
DA:56,18
DA:57,6
DA:58,2
DA:61,4
DA:62,4
DA:65,16
DA:66,3
DA:67,0
DA:70,3
DA:71,1
DA:74,2
DA:75,2
DA:78,15
DA:79,4
DA:80,2
DA:83,2
DA:84,2
DA:87,13
DA:88,3
DA:89,1
DA:92,2
DA:93,2
DA:97,12
DA:98,12
DA:104,12
DA:107,12
DA:108,11
DA:114,11
DA:122,1
DA:126,1
DA:127,6
DA:128,6
DA:131,6
DA:132,1
DA:135,5
DA:136,0
DA:140,5
DA:145,4
DA:146,1
DA:150,3
DA:154,3
DA:156,1
DA:160,1
DA:161,6
DA:162,6
DA:165,6
DA:166,3
DA:169,3
DA:170,0
DA:174,3
DA:179,2
DA:180,1
DA:183,1
DA:185,1
DA:191,1
LF:85
LH:81
BRDA:13,0,0,5
BRDA:13,0,1,19
BRDA:14,1,0,2
BRDA:14,1,1,3
BRDA:19,2,0,2
BRDA:19,2,1,20
BRDA:20,3,0,1
BRDA:20,3,1,1
BRDA:26,4,0,3
BRDA:26,4,1,18
BRDA:27,5,0,1
BRDA:27,5,1,20
BRDA:31,6,0,0
BRDA:31,6,1,21
BRDA:31,7,0,21
BRDA:31,7,1,21
BRDA:35,8,0,2
BRDA:35,8,1,19
BRDA:35,9,0,21
BRDA:35,9,1,20
BRDA:35,9,2,19
BRDA:42,10,0,2
BRDA:42,10,1,17
BRDA:47,11,0,2
BRDA:47,11,1,17
BRDA:48,12,0,1
BRDA:48,12,1,1
BRDA:56,13,0,6
BRDA:56,13,1,12
BRDA:57,14,0,2
BRDA:57,14,1,4
BRDA:57,15,0,6
BRDA:57,15,1,5
BRDA:65,16,0,3
BRDA:65,16,1,13
BRDA:66,17,0,0
BRDA:66,17,1,3
BRDA:66,18,0,3
BRDA:66,18,1,3
BRDA:70,19,0,1
BRDA:70,19,1,2
BRDA:70,20,0,3
BRDA:70,20,1,2
BRDA:78,21,0,4
BRDA:78,21,1,11
BRDA:79,22,0,2
BRDA:79,22,1,2
BRDA:79,23,0,4
BRDA:79,23,1,2
BRDA:87,24,0,3
BRDA:87,24,1,10
BRDA:88,25,0,1
BRDA:88,25,1,2
BRDA:88,26,0,3
BRDA:88,26,1,3
BRDA:97,27,0,8
BRDA:97,27,1,4
BRDA:131,28,0,1
BRDA:131,28,1,5
BRDA:135,29,0,0
BRDA:135,29,1,5
BRDA:145,30,0,1
BRDA:145,30,1,3
BRDA:165,31,0,3
BRDA:165,31,1,3
BRDA:169,32,0,0
BRDA:169,32,1,3
BRDA:179,33,0,1
BRDA:179,33,1,1
BRF:69
BRH:65
end_of_record
